[2020-04-24 16:11:59] safecharge-php-sdk.INFO: [SafeCharge PHP SDK] Request url: https://ppp-test.safecharge.com/ppp/api/v1/createUser.do [] []
[2020-04-24 16:11:59] safecharge-php-sdk.INFO: [SafeCharge PHP SDK] Request:{"userTokenId":"51df07ede94b34bab6742bf8e0266c83","clientRequestId":"100","firstName":"John","lastName":"Smith","address":"some street","state":"","city":"","zip":"","countryCode":"GB","phone":"","locale":"en_UK","email":"john.smith@test.com","merchantId":"5740152229507315112","merchantSiteId":"198198","timeStamp":"20200424160459","checksum":"f6266719c24abc0b2476ddf61552dcdd12179442ce15db03f7dec0481e3861f8"}  [] []
[2020-04-24 16:12:02] safecharge-php-sdk.INFO: [SafeCharge PHP SDK] Response:{"userId":51300778,"internalRequestId":186094098,"status":"SUCCESS","errCode":0,"reason":"","merchantId":"5740152229507315112","merchantSiteId":"198198","version":"1.0","clientRequestId":"100"}  [] []
[2020-04-24 16:13:24] safecharge-php-sdk.INFO: [SafeCharge PHP SDK] Request url: https://ppp-test.safecharge.com/ppp/api/v1/createUser.do [] []
[2020-04-24 16:13:24] safecharge-php-sdk.INFO: [SafeCharge PHP SDK] Request:{"userTokenId":"7cf28ebd1aa78d5710c746f1fbfc94e6","clientRequestId":"100","firstName":"John","lastName":"Smith","address":"some street","state":"","city":"","zip":"","countryCode":"GB","phone":"","locale":"en_UK","email":"john.smith@test.com","merchantId":"5740152229507315112","merchantSiteId":"198198","timeStamp":"20200424160424","checksum":"21fd31858e9dc436778a312b2eb4328fcb1c355998188d18b36dd686333624ba"}  [] []
[2020-04-24 16:13:32] safecharge-php-sdk.INFO: [SafeCharge PHP SDK] Response:{"userId":51300808,"internalRequestId":186094158,"status":"SUCCESS","errCode":0,"reason":"","merchantId":"5740152229507315112","merchantSiteId":"198198","version":"1.0","clientRequestId":"100"}  [] []
[2020-04-24 16:19:10] safecharge-php-sdk.INFO: [SafeCharge PHP SDK] Request url: https://ppp-test.safecharge.com/ppp/api/v1/createUser.do [] []
[2020-04-24 16:19:10] safecharge-php-sdk.INFO: [SafeCharge PHP SDK] Request:{"userTokenId":"dbf226e27b6d0fb9eb0f59e5a90419d7","clientRequestId":"100","firstName":"John","lastName":"Smith","address":"some street","state":"","city":"","zip":"","countryCode":"GB","phone":"","locale":"en_UK","email":"john.smith@test.com","merchantId":"5740152229507315112","merchantSiteId":"198198","timeStamp":"20200424160410","checksum":"6036a6d5aef6a46917566c31d0e4622ecf47135c2efd19245b22aa0766a90943"}  [] []
[2020-04-24 16:19:15] safecharge-php-sdk.INFO: [SafeCharge PHP SDK] Response:{"userId":51300838,"internalRequestId":186094888,"status":"SUCCESS","errCode":0,"reason":"","merchantId":"5740152229507315112","merchantSiteId":"198198","version":"1.0","clientRequestId":"100"}  [] []
[2020-04-24 16:19:49] safecharge-php-sdk.INFO: [SafeCharge PHP SDK] Request url: https://ppp-test.safecharge.com/ppp/api/v1/createUser.do [] []
[2020-04-24 16:19:49] safecharge-php-sdk.INFO: [SafeCharge PHP SDK] Request:{"userTokenId":"1afbdc7b98e02db80de4722948486d00","clientRequestId":"100","firstName":"John","lastName":"Smith","address":"some street","state":"","city":"","zip":"","countryCode":"GB","phone":"","locale":"en_UK","email":"john.smith@test.com","merchantId":"5740152229507315112","merchantSiteId":"198198","timeStamp":"20200424160449","checksum":"ffb9c83ff6c7f1fb1e1e7ca0755203563137e30cf9b91f904a66e69e9ed263a8"}  [] []
[2020-04-24 16:19:55] safecharge-php-sdk.INFO: [SafeCharge PHP SDK] Response:{"userId":51300858,"internalRequestId":186094998,"status":"SUCCESS","errCode":0,"reason":"","merchantId":"5740152229507315112","merchantSiteId":"198198","version":"1.0","clientRequestId":"100"}  [] []
[2020-04-24 16:50:13] safecharge-php-sdk.INFO: [SafeCharge PHP SDK] Request url: https://ppp-test.safecharge.com/ppp/api/v1/createUser.do [] []
[2020-04-24 16:50:13] safecharge-php-sdk.INFO: [SafeCharge PHP SDK] Request:{"userTokenId":"48059f4c99f7301fafdfe24d247a74a3","clientRequestId":"100","firstName":"John","lastName":"Smith","address":"some street","state":"","city":"","zip":"","countryCode":"GB","phone":"","locale":"en_UK","email":"john.smith@test.com","merchantId":"5740152229507315112","merchantSiteId":"198198","timeStamp":"20200424160413","checksum":"e904babb3ecad69ed2edf6a06286685790ddd4c876551463077928058b4ca768"}  [] []
[2020-04-24 16:50:16] safecharge-php-sdk.INFO: [SafeCharge PHP SDK] Response:{"userId":51300958,"internalRequestId":186097008,"status":"SUCCESS","errCode":0,"reason":"","merchantId":"5740152229507315112","merchantSiteId":"198198","version":"1.0","clientRequestId":"100"}  [] []
[2020-04-24 16:50:58] safecharge-php-sdk.INFO: [SafeCharge PHP SDK] Request url: https://ppp-test.safecharge.com/ppp/api/v1/createUser.do [] []
[2020-04-24 16:50:58] safecharge-php-sdk.INFO: [SafeCharge PHP SDK] Request:{"userTokenId":"13e7cdee7de67ddffcc535a6983e94d6","clientRequestId":"100","firstName":"John","lastName":"Smith","address":"some street","state":"","city":"","zip":"","countryCode":"GB","phone":"","locale":"en_UK","email":"john.smith@test.com","merchantId":"5740152229507315112","merchantSiteId":"198198","timeStamp":"20200424160458","checksum":"92b819bb1511c631864d245d4e1f669dec394f3c4361673319f024d0ced4b37f"}  [] []
[2020-04-24 16:51:00] safecharge-php-sdk.INFO: [SafeCharge PHP SDK] Response:{"userId":51300968,"internalRequestId":186097068,"status":"SUCCESS","errCode":0,"reason":"","merchantId":"5740152229507315112","merchantSiteId":"198198","version":"1.0","clientRequestId":"100"}  [] []
[2020-04-24 16:51:10] safecharge-php-sdk.INFO: [SafeCharge PHP SDK] Request url: https://ppp-test.safecharge.com/ppp/api/v1/createUser.do [] []
[2020-04-24 16:51:10] safecharge-php-sdk.INFO: [SafeCharge PHP SDK] Request:{"userTokenId":"0b0abec03aa1edc0995dbdd7b22e2f1b","clientRequestId":"100","firstName":"John","lastName":"Smith","address":"some street","state":"","city":"","zip":"","countryCode":"GB","phone":"","locale":"en_UK","email":"john.smith@test.com","merchantId":"5740152229507315112","merchantSiteId":"198198","timeStamp":"20200424160410","checksum":"c829449d926e5bbe1705c8f8be409ed1036d9df4b29efcfe98f271041aed1329"}  [] []
[2020-04-24 16:51:11] safecharge-php-sdk.INFO: [SafeCharge PHP SDK] Response:{"userId":51300978,"internalRequestId":186097078,"status":"SUCCESS","errCode":0,"reason":"","merchantId":"5740152229507315112","merchantSiteId":"198198","version":"1.0","clientRequestId":"100"}  [] []
[2020-04-24 16:51:49] safecharge-php-sdk.INFO: [SafeCharge PHP SDK] Request url: https://ppp-test.safecharge.com/ppp/api/v1/createUser.do [] []
[2020-04-24 16:51:49] safecharge-php-sdk.INFO: [SafeCharge PHP SDK] Request:{"userTokenId":"22816bb168d9d2814341aada56bbe0cd","clientRequestId":"100","firstName":"John","lastName":"Smith","address":"some street","state":"","city":"","zip":"","countryCode":"GB","phone":"","locale":"en_UK","email":"john.smith@test.com","merchantId":"5740152229507315112","merchantSiteId":"198198","timeStamp":"20200424160449","checksum":"3299d9abab10d642b66efc66da18e0f5af91e2e6a85cee048378fe4f543a7b47"}  [] []
[2020-04-24 16:51:52] safecharge-php-sdk.INFO: [SafeCharge PHP SDK] Response:{"userId":51300988,"internalRequestId":186097088,"status":"SUCCESS","errCode":0,"reason":"","merchantId":"5740152229507315112","merchantSiteId":"198198","version":"1.0","clientRequestId":"100"}  [] []
[2020-04-24 16:56:25] safecharge-php-sdk.INFO: [SafeCharge PHP SDK] Request url: https://ppp-test.safecharge.com/ppp/api/v1/createUser.do [] []
[2020-04-24 16:56:25] safecharge-php-sdk.INFO: [SafeCharge PHP SDK] Request:{"userTokenId":"815ff8072db1b49d3ebce17085589c9b","clientRequestId":"100","firstName":"John","lastName":"Smith","address":"some street","state":"","city":"","zip":"","countryCode":"GB","phone":"","locale":"en_UK","email":"john.smith@test.com","merchantId":"5740152229507315112","merchantSiteId":"198198","timeStamp":"20200424160425","checksum":"7e0422178273927cb18f75ce69287c819cd777c4c41192b27a8f47637be4a23a"}  [] []
[2020-04-24 16:56:27] safecharge-php-sdk.INFO: [SafeCharge PHP SDK] Response:{"userId":51301008,"internalRequestId":186097418,"status":"SUCCESS","errCode":0,"reason":"","merchantId":"5740152229507315112","merchantSiteId":"198198","version":"1.0","clientRequestId":"100"}  [] []
[2020-04-24 17:13:38] safecharge-php-sdk.INFO: [SafeCharge PHP SDK] Request url: https://ppp-test.safecharge.com/ppp/api/v1/createUser.do [] []
[2020-04-24 17:13:38] safecharge-php-sdk.INFO: [SafeCharge PHP SDK] Request:{"userTokenId":"4c1732b00fbbe4f008bfcc69eda15787","clientRequestId":"100","firstName":"John","lastName":"Smith","address":"some street","state":"","city":"","zip":"","countryCode":"GB","phone":"","locale":"en_UK","email":"john.smith@test.com","merchantId":"5740152229507315112","merchantSiteId":"198198","timeStamp":"20200424170438","checksum":"06fc5a573b44da854b07c154bf8320e2ec4bbe3ba651ead121897edc410a4d38"}  [] []
[2020-04-24 17:13:41] safecharge-php-sdk.INFO: [SafeCharge PHP SDK] Response:{"userId":51301058,"internalRequestId":186098478,"status":"SUCCESS","errCode":0,"reason":"","merchantId":"5740152229507315112","merchantSiteId":"198198","version":"1.0","clientRequestId":"100"}  [] []
[2020-04-24 17:22:28] safecharge-php-sdk.INFO: [SafeCharge PHP SDK] Request url: https://ppp-test.safecharge.com/ppp/api/v1/createUser.do [] []
[2020-04-24 17:22:28] safecharge-php-sdk.INFO: [SafeCharge PHP SDK] Request:{"userTokenId":"1d5c795b898a4722cae494909ee8111f","clientRequestId":"100","firstName":"John","lastName":"Smith","address":"some street","state":"","city":"","zip":"","countryCode":"GB","phone":"","locale":"en_UK","email":"john.smith@test.com","merchantId":"5740152229507315112","merchantSiteId":"198198","timeStamp":"20200424170428","checksum":"fc6a245d865b37a39f51eb9c2dc64522e79cb6dc5f928176499ac0603f6e1232"}  [] []
[2020-04-24 17:22:30] safecharge-php-sdk.INFO: [SafeCharge PHP SDK] Response:{"userId":51301108,"internalRequestId":186099008,"status":"SUCCESS","errCode":0,"reason":"","merchantId":"5740152229507315112","merchantSiteId":"198198","version":"1.0","clientRequestId":"100"}  [] []
[2020-04-24 17:33:48] safecharge-php-sdk.INFO: [SafeCharge PHP SDK] Request url: https://ppp-test.safecharge.com/ppp/api/v1/createUser.do [] []
[2020-04-24 17:33:48] safecharge-php-sdk.INFO: [SafeCharge PHP SDK] Request:{"userTokenId":"c46c182b6e326aeebb384c155351847b","clientRequestId":"100","firstName":"John","lastName":"Smith","address":"some street","state":"","city":"","zip":"","countryCode":"GB","phone":"","locale":"en_UK","email":"john.smith@test.com","merchantId":"5740152229507315112","merchantSiteId":"198198","timeStamp":"20200424170448","checksum":"984c4a9288d75c8b3bc39b3ee3763c1bc226c253ae775fcb16e0987e560b066f"}  [] []
[2020-04-24 17:33:50] safecharge-php-sdk.INFO: [SafeCharge PHP SDK] Response:{"userId":51301128,"internalRequestId":186099808,"status":"SUCCESS","errCode":0,"reason":"","merchantId":"5740152229507315112","merchantSiteId":"198198","version":"1.0","clientRequestId":"100"}  [] []
[2020-04-24 17:38:50] safecharge-php-sdk.INFO: [SafeCharge PHP SDK] Request url: https://ppp-test.safecharge.com/ppp/api/v1/createUser.do [] []
[2020-04-24 17:38:50] safecharge-php-sdk.INFO: [SafeCharge PHP SDK] Request:{"userTokenId":"4312f0596ec85505038ef82b673103da","clientRequestId":"100","firstName":"John","lastName":"Smith","address":"some street","state":"","city":"","zip":"","countryCode":"GB","phone":"","locale":"en_UK","email":"john.smith@test.com","merchantId":"5740152229507315112","merchantSiteId":"198198","timeStamp":"20200424170450","checksum":"64d57983b0f4aa0b5dd9afd5fd6ea66762264c6f621a6047cb678252a85f0823"}  [] []
[2020-04-24 17:38:54] safecharge-php-sdk.INFO: [SafeCharge PHP SDK] Response:{"userId":51301138,"internalRequestId":186100008,"status":"SUCCESS","errCode":0,"reason":"","merchantId":"5740152229507315112","merchantSiteId":"198198","version":"1.0","clientRequestId":"100"}  [] []
[2020-04-24 17:45:29] safecharge-php-sdk.INFO: [SafeCharge PHP SDK] Request url: https://ppp-test.safecharge.com/ppp/api/v1/createUser.do [] []
[2020-04-24 17:45:29] safecharge-php-sdk.INFO: [SafeCharge PHP SDK] Request:{"userTokenId":"7223336abc14aca53614304b0768a5ff","clientRequestId":"100","firstName":"John","lastName":"Smith","address":"some street","state":"","city":"","zip":"","countryCode":"GB","phone":"","locale":"en_UK","email":"john.smith@test.com","merchantId":"5740152229507315112","merchantSiteId":"198198","timeStamp":"20200424170429","checksum":"8aa16a019edfd45cf8caecfc8c36e94776d383851a2add2727ce81d9caef71f8"}  [] []
[2020-04-24 17:45:33] safecharge-php-sdk.INFO: [SafeCharge PHP SDK] Response:{"userId":51301158,"internalRequestId":186100428,"status":"SUCCESS","errCode":0,"reason":"","merchantId":"5740152229507315112","merchantSiteId":"198198","version":"1.0","clientRequestId":"100"}  [] []
[2020-04-24 17:46:32] safecharge-php-sdk.INFO: [SafeCharge PHP SDK] Request url: https://ppp-test.safecharge.com/ppp/api/v1/createUser.do [] []
[2020-04-24 17:46:32] safecharge-php-sdk.INFO: [SafeCharge PHP SDK] Request:{"userTokenId":"c0003b8b0b0f56f78e2330f4914e596f","clientRequestId":"100","firstName":"John","lastName":"Smith","address":"some street","state":"","city":"","zip":"","countryCode":"GB","phone":"","locale":"en_UK","email":"john.smith@test.com","merchantId":"5740152229507315112","merchantSiteId":"198198","timeStamp":"20200424170432","checksum":"01beebe7268a93632bcdad4861ed60c78bfc84d074fc4e4368b15654b3990162"}  [] []
[2020-04-24 17:46:33] safecharge-php-sdk.INFO: [SafeCharge PHP SDK] Response:{"userId":51301168,"internalRequestId":186100438,"status":"SUCCESS","errCode":0,"reason":"","merchantId":"5740152229507315112","merchantSiteId":"198198","version":"1.0","clientRequestId":"100"}  [] []
[2020-04-24 17:48:27] safecharge-php-sdk.INFO: [SafeCharge PHP SDK] Request url: https://ppp-test.safecharge.com/ppp/api/v1/createUser.do [] []
[2020-04-24 17:48:27] safecharge-php-sdk.INFO: [SafeCharge PHP SDK] Request:{"userTokenId":"a6e12f86cb757eb55edfca6fa2b427a9","clientRequestId":"100","firstName":"John","lastName":"Smith","address":"some street","state":"","city":"","zip":"","countryCode":"GB","phone":"","locale":"en_UK","email":"john.smith@test.com","merchantId":"5740152229507315112","merchantSiteId":"198198","timeStamp":"20200424170427","checksum":"439ebb7648e48ea786e90cfaca9e2676b4eb90c03c96b643f69ebfee470dcecd"}  [] []
[2020-04-24 17:48:29] safecharge-php-sdk.INFO: [SafeCharge PHP SDK] Response:{"userId":51301178,"internalRequestId":186100458,"status":"SUCCESS","errCode":0,"reason":"","merchantId":"5740152229507315112","merchantSiteId":"198198","version":"1.0","clientRequestId":"100"}  [] []
[2020-04-24 17:50:29] safecharge-php-sdk.INFO: [SafeCharge PHP SDK] Request url: https://ppp-test.safecharge.com/ppp/api/v1/createUser.do [] []
[2020-04-24 17:50:29] safecharge-php-sdk.INFO: [SafeCharge PHP SDK] Request:{"userTokenId":"dd123aad80d21f4b6ff97f0d3cc8cc75","clientRequestId":"100","firstName":"John","lastName":"Smith","address":"some street","state":"","city":"","zip":"","countryCode":"GB","phone":"","locale":"en_UK","email":"john.smith@test.com","merchantId":"5740152229507315112","merchantSiteId":"198198","timeStamp":"20200424170429","checksum":"504f37266ba8c2aa1b9d298f3f365d606c31764e9238648ca6137ac86b6e7c41"}  [] []
[2020-04-24 17:50:31] safecharge-php-sdk.INFO: [SafeCharge PHP SDK] Response:{"userId":51301188,"internalRequestId":186100488,"status":"SUCCESS","errCode":0,"reason":"","merchantId":"5740152229507315112","merchantSiteId":"198198","version":"1.0","clientRequestId":"100"}  [] []
[2020-04-24 17:56:01] safecharge-php-sdk.INFO: [SafeCharge PHP SDK] Request url: https://ppp-test.safecharge.com/ppp/api/v1/createUser.do [] []
[2020-04-24 17:56:01] safecharge-php-sdk.INFO: [SafeCharge PHP SDK] Request:{"userTokenId":"fb9cd05bc931fb92f637b53c0ad7dcb6","clientRequestId":"100","firstName":"John","lastName":"Smith","address":"some street","state":"","city":"","zip":"","countryCode":"GB","phone":"","locale":"en_UK","email":"john.smith@test.com","merchantId":"5740152229507315112","merchantSiteId":"198198","timeStamp":"20200424170401","checksum":"1701b918ee358bde0a810281cc7644f3efd42569be9c5c89d81d385ed9d3bcd6"}  [] []
[2020-04-24 17:56:03] safecharge-php-sdk.INFO: [SafeCharge PHP SDK] Response:{"userId":51301198,"internalRequestId":186100498,"status":"SUCCESS","errCode":0,"reason":"","merchantId":"5740152229507315112","merchantSiteId":"198198","version":"1.0","clientRequestId":"100"}  [] []
[2020-04-24 17:57:27] safecharge-php-sdk.INFO: [SafeCharge PHP SDK] Request url: https://ppp-test.safecharge.com/ppp/api/v1/createUser.do [] []
[2020-04-24 17:57:27] safecharge-php-sdk.INFO: [SafeCharge PHP SDK] Request:{"userTokenId":"9862d4bbe3bd8ec1710e3256d7659079","clientRequestId":"100","firstName":"John","lastName":"Smith","address":"some street","state":"","city":"","zip":"","countryCode":"GB","phone":"","locale":"en_UK","email":"john.smith@test.com","merchantId":"5740152229507315112","merchantSiteId":"198198","timeStamp":"20200424170427","checksum":"fc274b0c423b7c622ddd1e023385a8225e43f3d658d8a1df4dfd6e4f1711f5f3"}  [] []
[2020-04-24 17:57:30] safecharge-php-sdk.INFO: [SafeCharge PHP SDK] Response:{"userId":51301208,"internalRequestId":186100508,"status":"SUCCESS","errCode":0,"reason":"","merchantId":"5740152229507315112","merchantSiteId":"198198","version":"1.0","clientRequestId":"100"}  [] []
[2020-04-24 18:37:19] safecharge-php-sdk.INFO: [SafeCharge PHP SDK] Request url: https://ppp-test.safecharge.com/ppp/api/v1/createUser.do [] []
[2020-04-24 18:37:19] safecharge-php-sdk.INFO: [SafeCharge PHP SDK] Request:{"userTokenId":"20c9c2bab4754922326022b5d809e2c2","clientRequestId":"100","firstName":"John","lastName":"Smith","address":"some street","state":"","city":"","zip":"","countryCode":"GB","phone":"","locale":"en_UK","email":"john.smith@test.com","merchantId":"5740152229507315112","merchantSiteId":"198198","timeStamp":"20200424180419","checksum":"30d90798fa75b091b6c9bde934bd2f8cb5ae8c8573a1e8f0fee58c38a3ca6526"}  [] []
[2020-04-24 18:37:21] safecharge-php-sdk.INFO: [SafeCharge PHP SDK] Response:{"userId":51301448,"internalRequestId":186102878,"status":"SUCCESS","errCode":0,"reason":"","merchantId":"5740152229507315112","merchantSiteId":"198198","version":"1.0","clientRequestId":"100"}  [] []
[2020-04-24 18:39:57] safecharge-php-sdk.INFO: [SafeCharge PHP SDK] Request url: https://ppp-test.safecharge.com/ppp/api/v1/createUser.do [] []
[2020-04-24 18:39:57] safecharge-php-sdk.INFO: [SafeCharge PHP SDK] Request:{"userTokenId":"3bc70d16b31f3232fea8ff54a7d5e649","clientRequestId":"100","firstName":"John","lastName":"Smith","address":"some street","state":"","city":"","zip":"","countryCode":"GB","phone":"","locale":"en_UK","email":"john.smith@test.com","merchantId":"5740152229507315112","merchantSiteId":"198198","timeStamp":"20200424180457","checksum":"db2eb8850edf2def3f349079236ad74f426d6eea21e14dd26879db60cd7e38cd"}  [] []
[2020-04-24 18:39:59] safecharge-php-sdk.INFO: [SafeCharge PHP SDK] Response:{"userId":51301458,"internalRequestId":186103048,"status":"SUCCESS","errCode":0,"reason":"","merchantId":"5740152229507315112","merchantSiteId":"198198","version":"1.0","clientRequestId":"100"}  [] []
[2020-04-24 20:43:29] safecharge-php-sdk.INFO: [SafeCharge PHP SDK] Request url: https://ppp-test.safecharge.com/ppp/api/v1/createUser.do [] []
[2020-04-24 20:43:29] safecharge-php-sdk.INFO: [SafeCharge PHP SDK] Request:{"userTokenId":"0097785a62c5b42369edbe33a879fa10","clientRequestId":"100","firstName":"John","lastName":"Smith","address":"some street","state":"","city":"","zip":"","countryCode":"GB","phone":"","locale":"en_UK","email":"john.smith@test.com","merchantId":"5740152229507315112","merchantSiteId":"198198","timeStamp":"20200424200429","checksum":"b578fc4d8f31a1c423bc2dc0f6df82b9f48343e2eb0ae4223ee624136820cb7f"}  [] []
[2020-04-24 20:43:31] safecharge-php-sdk.INFO: [SafeCharge PHP SDK] Response:{"userId":51303308,"internalRequestId":186114638,"status":"SUCCESS","errCode":0,"reason":"","merchantId":"5740152229507315112","merchantSiteId":"198198","version":"1.0","clientRequestId":"100"}  [] []
[2020-04-24 20:59:13] safecharge-php-sdk.INFO: [SafeCharge PHP SDK] Request url: https://ppp-test.safecharge.com/ppp/api/v1/createUser.do [] []
[2020-04-24 20:59:13] safecharge-php-sdk.INFO: [SafeCharge PHP SDK] Request:{"userTokenId":"f7a87b53d381906d3dd8acb3f5dab748","clientRequestId":"100","firstName":"John","lastName":"Smith","address":"some street","state":"","city":"","zip":"","countryCode":"GB","phone":"","locale":"en_UK","email":"john.smith@test.com","merchantId":"5740152229507315112","merchantSiteId":"198198","timeStamp":"20200424200413","checksum":"6edf6db9ab2ee8584010bc487f5e85559969fd37b10f74dd8bd3c50986c26840"}  [] []
[2020-04-24 20:59:15] safecharge-php-sdk.INFO: [SafeCharge PHP SDK] Response:{"userId":51303798,"internalRequestId":186118938,"status":"SUCCESS","errCode":0,"reason":"","merchantId":"5740152229507315112","merchantSiteId":"198198","version":"1.0","clientRequestId":"100"}  [] []
[2020-04-24 21:03:35] safecharge-php-sdk.INFO: [SafeCharge PHP SDK] Request url: https://ppp-test.safecharge.com/ppp/api/v1/createUser.do [] []
[2020-04-24 21:03:35] safecharge-php-sdk.INFO: [SafeCharge PHP SDK] Request:{"userTokenId":"9ab60f7903cf5d9d2c982e1a6a0113d2","clientRequestId":"100","firstName":"John","lastName":"Smith","address":"some street","state":"","city":"","zip":"","countryCode":"GB","phone":"","locale":"en_UK","email":"john.smith@test.com","merchantId":"5740152229507315112","merchantSiteId":"198198","timeStamp":"20200424210435","checksum":"5ba3dcd10d2023a75267f2a72ab69e5b36e3f8eb6c08bd4dac1b95688668dadd"}  [] []
[2020-04-24 21:03:36] safecharge-php-sdk.INFO: [SafeCharge PHP SDK] Response:{"userId":51303898,"internalRequestId":186120028,"status":"SUCCESS","errCode":0,"reason":"","merchantId":"5740152229507315112","merchantSiteId":"198198","version":"1.0","clientRequestId":"100"}  [] []
[2020-04-24 21:23:10] safecharge-php-sdk.INFO: [SafeCharge PHP SDK] Request url: https://ppp-test.safecharge.com/ppp/api/v1/createUser.do [] []
[2020-04-24 21:23:10] safecharge-php-sdk.INFO: [SafeCharge PHP SDK] Request:{"userTokenId":"26cb5b6cba7d179f1783d32add694422","clientRequestId":"100","firstName":"John","lastName":"Smith","address":"some street","state":"","city":"","zip":"","countryCode":"GB","phone":"","locale":"en_UK","email":"john.smith@test.com","merchantId":"5740152229507315112","merchantSiteId":"198198","timeStamp":"20200424210410","checksum":"bfb1560e7f9ec452159379e5a71131c5fc5f7c1e3a42485ce9768f223aa6b263"}  [] []
[2020-04-24 21:23:12] safecharge-php-sdk.INFO: [SafeCharge PHP SDK] Response:{"userId":51304448,"internalRequestId":186123938,"status":"SUCCESS","errCode":0,"reason":"","merchantId":"5740152229507315112","merchantSiteId":"198198","version":"1.0","clientRequestId":"100"}  [] []
[2020-04-25 01:43:09] safecharge-php-sdk.INFO: [SafeCharge PHP SDK] Request url: https://ppp-test.safecharge.com/ppp/api/v1/createUser.do [] []
[2020-04-25 01:43:09] safecharge-php-sdk.INFO: [SafeCharge PHP SDK] Request:{"userTokenId":"8b24c9720e2a80e1f4f465600879a5c4","clientRequestId":"100","firstName":"John","lastName":"Smith","address":"some street","state":"","city":"","zip":"","countryCode":"GB","phone":"","locale":"en_UK","email":"john.smith@test.com","merchantId":"5740152229507315112","merchantSiteId":"198198","timeStamp":"20200425010409","checksum":"b0b5eb5d580f3ae90fe60f29deefe6b2ffc80e739b65a3c57248bbe41d0fbd8e"}  [] []
[2020-04-25 01:43:10] safecharge-php-sdk.INFO: [SafeCharge PHP SDK] Response:{"userId":51304688,"internalRequestId":186139088,"status":"SUCCESS","errCode":0,"reason":"","merchantId":"5740152229507315112","merchantSiteId":"198198","version":"1.0","clientRequestId":"100"}  [] []
[2020-04-25 01:49:14] safecharge-php-sdk.INFO: [SafeCharge PHP SDK] Request url: https://ppp-test.safecharge.com/ppp/api/v1/createUser.do [] []
[2020-04-25 01:49:14] safecharge-php-sdk.INFO: [SafeCharge PHP SDK] Request:{"userTokenId":"273600f5aae7c2351057b377cb15de05","clientRequestId":"100","firstName":"John","lastName":"Smith","address":"some street","state":"","city":"","zip":"","countryCode":"GB","phone":"","locale":"en_UK","email":"john.smith@test.com","merchantId":"5740152229507315112","merchantSiteId":"198198","timeStamp":"20200425010414","checksum":"fabac5d1fe6c42f07e24a4a69e6bd8252abdcb4be79b018bea54c24a314a59e8"}  [] []
[2020-04-25 01:49:16] safecharge-php-sdk.INFO: [SafeCharge PHP SDK] Response:{"userId":51304698,"internalRequestId":186139528,"status":"SUCCESS","errCode":0,"reason":"","merchantId":"5740152229507315112","merchantSiteId":"198198","version":"1.0","clientRequestId":"100"}  [] []
[2020-04-25 01:51:59] safecharge-php-sdk.INFO: [SafeCharge PHP SDK] Request url: https://ppp-test.safecharge.com/ppp/api/v1/createUser.do [] []
[2020-04-25 01:51:59] safecharge-php-sdk.INFO: [SafeCharge PHP SDK] Request:{"userTokenId":"ed02836b2f6882aaf709e7670a06acb1","clientRequestId":"100","firstName":"John","lastName":"Smith","address":"some street","state":"","city":"","zip":"","countryCode":"GB","phone":"","locale":"en_UK","email":"john.smith@test.com","merchantId":"5740152229507315112","merchantSiteId":"198198","timeStamp":"20200425010459","checksum":"5583121521f7ce08ded74dd06e09f4e7"}  [] []
[2020-04-25 01:52:01] safecharge-php-sdk.INFO: [SafeCharge PHP SDK] Response:{"internalRequestId":186139558,"status":"ERROR","errCode":1001,"reason":"Invalid checksum","merchantId":"5740152229507315112","merchantSiteId":"198198","version":"1.0","clientRequestId":"100","errorType":"INVALID_CHECKSUM"}  [] []
[2020-04-25 01:52:01] safecharge-php-sdk.ERROR: [SafeCharge PHP SDK] 1001: Invalid checksum [] []
[2020-04-25 01:53:10] safecharge-php-sdk.INFO: [SafeCharge PHP SDK] Request url: https://ppp-test.safecharge.com/ppp/api/v1/createUser.do [] []
[2020-04-25 01:53:10] safecharge-php-sdk.INFO: [SafeCharge PHP SDK] Request:{"userTokenId":"4c07c3c11f54f2feea68cb6d952d6c0d","clientRequestId":"100","firstName":"John","lastName":"Smith","address":"some street","state":"","city":"","zip":"","countryCode":"GB","phone":"","locale":"en_UK","email":"john.smith@test.com","merchantId":"5740152229507315112","merchantSiteId":"198198","timeStamp":"20200425010410","checksum":"c07ffa8b3aa80a187422239c22dbc87a"}  [] []
[2020-04-25 01:53:12] safecharge-php-sdk.INFO: [SafeCharge PHP SDK] Response:{"internalRequestId":186139568,"status":"ERROR","errCode":1001,"reason":"Invalid checksum","merchantId":"5740152229507315112","merchantSiteId":"198198","version":"1.0","clientRequestId":"100","errorType":"INVALID_CHECKSUM"}  [] []
[2020-04-25 01:53:12] safecharge-php-sdk.ERROR: [SafeCharge PHP SDK] 1001: Invalid checksum [] []
[2020-04-25 01:54:52] safecharge-php-sdk.INFO: [SafeCharge PHP SDK] Request url: https://ppp-test.safecharge.com/ppp/api/v1/createUser.do [] []
[2020-04-25 01:54:52] safecharge-php-sdk.INFO: [SafeCharge PHP SDK] Request:{"userTokenId":"ad549bc206c29635aad404aeaf4c6819","clientRequestId":"100","firstName":"John","lastName":"Smith","address":"some street","state":"","city":"","zip":"","countryCode":"GB","phone":"","locale":"en_UK","email":"john.smith@test.com","merchantId":"5740152229507315112","merchantSiteId":"198198","timeStamp":"20200425010452","checksum":"3a4252ea83b611d9c398c2305a39b714"}  [] []
[2020-04-25 01:54:54] safecharge-php-sdk.INFO: [SafeCharge PHP SDK] Response:{"internalRequestId":186139618,"status":"ERROR","errCode":1001,"reason":"Invalid checksum","merchantId":"5740152229507315112","merchantSiteId":"198198","version":"1.0","clientRequestId":"100","errorType":"INVALID_CHECKSUM"}  [] []
[2020-04-25 01:54:54] safecharge-php-sdk.ERROR: [SafeCharge PHP SDK] 1001: Invalid checksum [] []
[2020-04-25 01:56:08] safecharge-php-sdk.INFO: [SafeCharge PHP SDK] Request url: https://ppp-test.safecharge.com/ppp/api/v1/createUser.do [] []
[2020-04-25 01:56:08] safecharge-php-sdk.INFO: [SafeCharge PHP SDK] Request:{"userTokenId":"1e4644b10b53ef7389e1c212c8e5d06f","clientRequestId":"100","firstName":"John","lastName":"Smith","address":"some street","state":"","city":"","zip":"","countryCode":"GB","phone":"","locale":"en_UK","email":"john.smith@test.com","merchantId":"5740152229507315112","merchantSiteId":"198198","timeStamp":"20200425010408","checksum":"b74005eab96595ce9e42ca4a636373fcdd868499c961714b2d56bb650dc2c7f2"}  [] []
[2020-04-25 01:56:12] safecharge-php-sdk.INFO: [SafeCharge PHP SDK] Response:{"userId":51304708,"internalRequestId":186140068,"status":"SUCCESS","errCode":0,"reason":"","merchantId":"5740152229507315112","merchantSiteId":"198198","version":"1.0","clientRequestId":"100"}  [] []
[2020-04-25 01:56:20] safecharge-php-sdk.INFO: [SafeCharge PHP SDK] Request url: https://ppp-test.safecharge.com/ppp/api/v1/createUser.do [] []
[2020-04-25 01:56:20] safecharge-php-sdk.INFO: [SafeCharge PHP SDK] Request:{"userTokenId":"6a2bfba2a01daf6c91f114d335ef918c","clientRequestId":"100","firstName":"John","lastName":"Smith","address":"some street","state":"","city":"","zip":"","countryCode":"GB","phone":"","locale":"en_UK","email":"john.smith@test.com","merchantId":"5740152229507315112","merchantSiteId":"198198","timeStamp":"20200425010420","checksum":"577843b2925184a5d354f0d4f42cf83f6c18df46c0d7272eec21c66806926ec2"}  [] []
[2020-04-25 01:56:22] safecharge-php-sdk.INFO: [SafeCharge PHP SDK] Response:{"userId":51304718,"internalRequestId":186140078,"status":"SUCCESS","errCode":0,"reason":"","merchantId":"5740152229507315112","merchantSiteId":"198198","version":"1.0","clientRequestId":"100"}  [] []
[2020-04-25 01:57:54] safecharge-php-sdk.INFO: [SafeCharge PHP SDK] Request url: https://ppp-test.safecharge.com/ppp/api/v1/createUser.do [] []
[2020-04-25 01:57:54] safecharge-php-sdk.INFO: [SafeCharge PHP SDK] Request:{"userTokenId":"1fa26a6e412b16194bf8387f66c8aa34","clientRequestId":"100","firstName":"John","lastName":"Smith","address":"some street","state":"","city":"","zip":"","countryCode":"GB","phone":"","locale":"en_UK","email":"john.smith@test.com","merchantId":"5740152229507315112","merchantSiteId":"198198","timeStamp":"20200425010454","checksum":"f882630fd04a2f827378090bac196269a0e42a80e4a53618739deb7e8e275983"}  [] []
[2020-04-25 01:57:56] safecharge-php-sdk.INFO: [SafeCharge PHP SDK] Response:{"userId":51304728,"internalRequestId":186140088,"status":"SUCCESS","errCode":0,"reason":"","merchantId":"5740152229507315112","merchantSiteId":"198198","version":"1.0","clientRequestId":"100"}  [] []
[2020-04-25 01:59:37] safecharge-php-sdk.INFO: [SafeCharge PHP SDK] Request url: https://ppp-test.safecharge.com/ppp/api/v1/createUser.do [] []
[2020-04-25 01:59:37] safecharge-php-sdk.INFO: [SafeCharge PHP SDK] Request:{"userTokenId":"197a7ba98930eb9c32476f5a1617403b","clientRequestId":"100","firstName":"John","lastName":"Smith","address":"some street","state":"","city":"","zip":"","countryCode":"GB","phone":"","locale":"en_UK","email":"john.smith@test.com","merchantId":"5740152229507315112","merchantSiteId":"198198","timeStamp":"20200425010437","checksum":"eaf04f200e38a95a403781ffadaeadbb3a545f381929bc72a39ab9cc2587bb65"}  [] []
[2020-04-25 01:59:39] safecharge-php-sdk.INFO: [SafeCharge PHP SDK] Response:{"userId":51304738,"internalRequestId":186140398,"status":"SUCCESS","errCode":0,"reason":"","merchantId":"5740152229507315112","merchantSiteId":"198198","version":"1.0","clientRequestId":"100"}  [] []
[2020-04-25 02:13:10] safecharge-php-sdk.INFO: [SafeCharge PHP SDK] Request url: https://ppp-test.safecharge.com/ppp/api/v1/createUser.do [] []
[2020-04-25 02:13:10] safecharge-php-sdk.INFO: [SafeCharge PHP SDK] Request:{"userTokenId":"5ae09f651877f2d04f55cc48e96021f9","clientRequestId":"100","firstName":"John","lastName":"Smith","address":"some street","state":"","city":"","zip":"","countryCode":"GB","phone":"","locale":"en_UK","email":"john.smith@test.com","merchantId":"5740152229507315112","merchantSiteId":"198198","timeStamp":"20200425020410","checksum":"aa0b2946e6fbfd53e3fb207fdcd258066b78a032db8f5b9d19667a6f5336bb17"}  [] []
[2020-04-25 02:13:15] safecharge-php-sdk.INFO: [SafeCharge PHP SDK] Response:{"userId":51304748,"internalRequestId":186141478,"status":"SUCCESS","errCode":0,"reason":"","merchantId":"5740152229507315112","merchantSiteId":"198198","version":"1.0","clientRequestId":"100"}  [] []
[2020-04-25 02:15:35] safecharge-php-sdk.INFO: [SafeCharge PHP SDK] Request url: https://ppp-test.safecharge.com/ppp/api/v1/createUser.do [] []
[2020-04-25 02:15:35] safecharge-php-sdk.INFO: [SafeCharge PHP SDK] Request:{"userTokenId":"79a826c9c7b3ae04a22a07c2c12d23f5","clientRequestId":"100","firstName":"John","lastName":"Smith","address":"some street","state":"","city":"","zip":"","countryCode":"GB","phone":"","locale":"en_UK","email":"john.smith@test.com","merchantId":"5740152229507315112","merchantSiteId":"198198","timeStamp":"20200425020435","checksum":"e5091f4fd9cd050360bf3f51532157838ef133742c5bde6b6185628d51bc1050"}  [] []
[2020-04-25 02:15:38] safecharge-php-sdk.INFO: [SafeCharge PHP SDK] Response:{"userId":51304758,"internalRequestId":186141748,"status":"SUCCESS","errCode":0,"reason":"","merchantId":"5740152229507315112","merchantSiteId":"198198","version":"1.0","clientRequestId":"100"}  [] []
[2020-04-25 02:21:08] safecharge-php-sdk.INFO: [SafeCharge PHP SDK] Request url: https://ppp-test.safecharge.com/ppp/api/v1/createUser.do [] []
[2020-04-25 02:21:08] safecharge-php-sdk.INFO: [SafeCharge PHP SDK] Request:{"userTokenId":"10b7bb0a642c2565f525ef834f659429","clientRequestId":"100","firstName":"John","lastName":"Smith","address":"some street","state":"","city":"","zip":"","countryCode":"GB","phone":"","locale":"en_UK","email":"john.smith@test.com","merchantId":"5740152229507315112","merchantSiteId":"198198","timeStamp":"20200425020408","checksum":"a1d96641e2bc28873250d06e1cde2dc50ce40207205a4a1f2ed7eab4e753c390"}  [] []
[2020-04-25 02:21:10] safecharge-php-sdk.INFO: [SafeCharge PHP SDK] Response:{"userId":51304768,"internalRequestId":186141828,"status":"SUCCESS","errCode":0,"reason":"","merchantId":"5740152229507315112","merchantSiteId":"198198","version":"1.0","clientRequestId":"100"}  [] []
[2020-04-25 02:23:13] safecharge-php-sdk.INFO: [SafeCharge PHP SDK] Request url: https://ppp-test.safecharge.com/ppp/api/v1/createUser.do [] []
[2020-04-25 02:23:13] safecharge-php-sdk.INFO: [SafeCharge PHP SDK] Request:{"userTokenId":"5eee8c21004e78408f89f677ed6e24fc","clientRequestId":"100","firstName":"John","lastName":"Smith","address":"some street","state":"","city":"","zip":"","countryCode":"GB","phone":"","locale":"en_UK","email":"john.smith@test.com","merchantId":"5740152229507315112","merchantSiteId":"198198","timeStamp":"20200425020413","checksum":"20f8fc4e7f182be32a2915b4bb00f2f3ff8b41641bb9cbde5534513bd1b7912d"}  [] []
[2020-04-25 02:23:16] safecharge-php-sdk.INFO: [SafeCharge PHP SDK] Response:{"userId":51304778,"internalRequestId":186141838,"status":"SUCCESS","errCode":0,"reason":"","merchantId":"5740152229507315112","merchantSiteId":"198198","version":"1.0","clientRequestId":"100"}  [] []
[2020-04-25 02:25:04] safecharge-php-sdk.INFO: [SafeCharge PHP SDK] Request url: https://ppp-test.safecharge.com/ppp/api/v1/createUser.do [] []
[2020-04-25 02:25:04] safecharge-php-sdk.INFO: [SafeCharge PHP SDK] Request:{"userTokenId":"385db69a94d48d587f2e8af79e7ca479","clientRequestId":"100","firstName":"John","lastName":"Smith","address":"some street","state":"","city":"","zip":"","countryCode":"GB","phone":"","locale":"en_UK","email":"john.smith@test.com","merchantId":"5740152229507315112","merchantSiteId":"198198","timeStamp":"20200425020404","checksum":"c66d0f8c9a9af2d8898cce22e79ce9d72d63069c9d1ac104a82d64ec22d2755f"}  [] []
[2020-04-25 02:25:05] safecharge-php-sdk.INFO: [SafeCharge PHP SDK] Response:{"userId":51304788,"internalRequestId":186141848,"status":"SUCCESS","errCode":0,"reason":"","merchantId":"5740152229507315112","merchantSiteId":"198198","version":"1.0","clientRequestId":"100"}  [] []
[2020-04-25 02:47:51] safecharge-php-sdk.INFO: [SafeCharge PHP SDK] Request url: https://ppp-test.safecharge.com/ppp/api/v1/createUser.do [] []
[2020-04-25 02:47:51] safecharge-php-sdk.INFO: [SafeCharge PHP SDK] Request:{"userTokenId":"514846e2b5d27a81bd5f5cfa1f7bf702","clientRequestId":"100","firstName":"John","lastName":"Smith","address":"some street","state":"","city":"","zip":"","countryCode":"GB","phone":"","locale":"en_UK","email":"john.smith@test.com","merchantId":"5740152229507315112","merchantSiteId":"198198","timeStamp":"20200425020451","checksum":"5c5472f374f3d2dc9984be8973993593ed509cf64979349c55c2948cfae5137d"}  [] []
[2020-04-25 02:47:54] safecharge-php-sdk.INFO: [SafeCharge PHP SDK] Response:{"userId":51304798,"internalRequestId":186143168,"status":"SUCCESS","errCode":0,"reason":"","merchantId":"5740152229507315112","merchantSiteId":"198198","version":"1.0","clientRequestId":"100"}  [] []
[2020-04-25 02:48:08] safecharge-php-sdk.INFO: [SafeCharge PHP SDK] Request url: https://ppp-test.safecharge.com/ppp/api/v1/createUser.do [] []
[2020-04-25 02:48:08] safecharge-php-sdk.INFO: [SafeCharge PHP SDK] Request:{"userTokenId":"562c10f16680c3f70ebdd574a1d6baad","clientRequestId":"100","firstName":"John","lastName":"Smith","address":"some street","state":"","city":"","zip":"","countryCode":"GB","phone":"","locale":"en_UK","email":"john.smith@test.com","merchantId":"5740152229507315112","merchantSiteId":"198198","timeStamp":"20200425020408","checksum":"7918f4ac65c3a0f7ca3ee2a17800f6f1ca51469f6d7985c9909b283f34b9e339"}  [] []
[2020-04-25 02:48:09] safecharge-php-sdk.INFO: [SafeCharge PHP SDK] Response:{"userId":51304808,"internalRequestId":186143178,"status":"SUCCESS","errCode":0,"reason":"","merchantId":"5740152229507315112","merchantSiteId":"198198","version":"1.0","clientRequestId":"100"}  [] []
[2020-04-25 02:51:30] safecharge-php-sdk.INFO: [SafeCharge PHP SDK] Request url: https://ppp-test.safecharge.com/ppp/api/v1/createUser.do [] []
[2020-04-25 02:51:30] safecharge-php-sdk.INFO: [SafeCharge PHP SDK] Request:{"userTokenId":"c139bf7385f40241c1fcdff6a9d49006","clientRequestId":"100","firstName":"John","lastName":"Smith","address":"some street","state":"","city":"","zip":"","countryCode":"GB","phone":"","locale":"en_UK","email":"john.smith@test.com","merchantId":"5740152229507315112","merchantSiteId":"198198","timeStamp":"20200425020430","checksum":"7d97ed168c81d14bee6934025d526a58cb8145cf97397b40c25025391ba112d4"}  [] []
[2020-04-25 02:51:32] safecharge-php-sdk.INFO: [SafeCharge PHP SDK] Response:{"userId":51304818,"internalRequestId":186143208,"status":"SUCCESS","errCode":0,"reason":"","merchantId":"5740152229507315112","merchantSiteId":"198198","version":"1.0","clientRequestId":"100"}  [] []
[2020-04-25 03:25:27] safecharge-php-sdk.INFO: [SafeCharge PHP SDK] Request url: https://ppp-test.safecharge.com/ppp/api/v1/createUser.do [] []
[2020-04-25 03:25:27] safecharge-php-sdk.INFO: [SafeCharge PHP SDK] Request:{"userTokenId":"957f19e50d548e2978db083abb0ea691","clientRequestId":"100","firstName":"John","lastName":"Smith","address":"some street","state":"","city":"","zip":"","countryCode":"GB","phone":"","locale":"en_UK","email":"john.smith@test.com","merchantId":"5740152229507315112","merchantSiteId":"198198","timeStamp":"20200425030427","checksum":"f6e8406e388a0069397925ff0d827e7ce75f5daa485686b49fdc9b397a776149"}  [] []
[2020-04-25 03:25:29] safecharge-php-sdk.INFO: [SafeCharge PHP SDK] Response:{"userId":51304828,"internalRequestId":186145498,"status":"SUCCESS","errCode":0,"reason":"","merchantId":"5740152229507315112","merchantSiteId":"198198","version":"1.0","clientRequestId":"100"}  [] []
[2020-04-25 03:26:08] safecharge-php-sdk.INFO: [SafeCharge PHP SDK] Request url: https://ppp-test.safecharge.com/ppp/api/v1/createUser.do [] []
[2020-04-25 03:26:08] safecharge-php-sdk.INFO: [SafeCharge PHP SDK] Request:{"userTokenId":"34d38119edc8f37f08232efd84345173","clientRequestId":"100","firstName":"John","lastName":"Smith","address":"some street","state":"","city":"","zip":"","countryCode":"GB","phone":"","locale":"en_UK","email":"john.smith@test.com","merchantId":"5740152229507315112","merchantSiteId":"198198","timeStamp":"20200425030408","checksum":"520b84310931e7a2bfd00dbaa7322221519360049ec7eb0820a9fafaa21e3037"}  [] []
[2020-04-25 03:26:11] safecharge-php-sdk.INFO: [SafeCharge PHP SDK] Response:{"userId":51304838,"internalRequestId":186145508,"status":"SUCCESS","errCode":0,"reason":"","merchantId":"5740152229507315112","merchantSiteId":"198198","version":"1.0","clientRequestId":"100"}  [] []
[2020-04-25 03:45:52] safecharge-php-sdk.INFO: [SafeCharge PHP SDK] Request url: https://ppp-test.safecharge.com/ppp/api/v1/createUser.do [] []
[2020-04-25 03:45:52] safecharge-php-sdk.INFO: [SafeCharge PHP SDK] Request:{"userTokenId":"1e099e73da66d9f7af620432e9b29e8d","clientRequestId":"100","firstName":"John","lastName":"Smith","address":"some street","state":"","city":"","zip":"","countryCode":"GB","phone":"","locale":"en_UK","email":"john.smith@test.com","merchantId":"5740152229507315112","merchantSiteId":"198198","timeStamp":"20200425030452","checksum":"ace48aaaec26f17409b400cb831a1a0174f69be5cb94d6b38f6925351d564319"}  [] []
[2020-04-25 03:45:54] safecharge-php-sdk.INFO: [SafeCharge PHP SDK] Response:{"userId":51304848,"internalRequestId":186146548,"status":"SUCCESS","errCode":0,"reason":"","merchantId":"5740152229507315112","merchantSiteId":"198198","version":"1.0","clientRequestId":"100"}  [] []
[2020-04-25 03:48:11] safecharge-php-sdk.INFO: [SafeCharge PHP SDK] Request url: https://ppp-test.safecharge.com/ppp/api/v1/createUser.do [] []
[2020-04-25 03:48:11] safecharge-php-sdk.INFO: [SafeCharge PHP SDK] Request:{"userTokenId":"8042ca966ae8f2f70d741cbddb40536d","clientRequestId":"100","firstName":"John","lastName":"Smith","address":"some street","state":"","city":"","zip":"","countryCode":"GB","phone":"","locale":"en_UK","email":"john.smith@test.com","merchantId":"5740152229507315112","merchantSiteId":"198198","timeStamp":"20200425030411","checksum":"ab566285094c1a2c4683d11cfba0ecf66969a2339643a52aac8d14c6cdd17d4d"}  [] []
[2020-04-25 03:48:14] safecharge-php-sdk.INFO: [SafeCharge PHP SDK] Response:{"userId":51304858,"internalRequestId":186146728,"status":"SUCCESS","errCode":0,"reason":"","merchantId":"5740152229507315112","merchantSiteId":"198198","version":"1.0","clientRequestId":"100"}  [] []
[2020-04-25 03:52:45] safecharge-php-sdk.INFO: [SafeCharge PHP SDK] Request url: https://ppp-test.safecharge.com/ppp/api/v1/createUser.do [] []
[2020-04-25 03:52:45] safecharge-php-sdk.INFO: [SafeCharge PHP SDK] Request:{"userTokenId":"5b62257c4afac3cd78071eefc5fc3c15","clientRequestId":"100","firstName":"John","lastName":"Smith","address":"some street","state":"","city":"","zip":"","countryCode":"GB","phone":"","locale":"en_UK","email":"john.smith@test.com","merchantId":"5740152229507315112","merchantSiteId":"198198","timeStamp":"20200425030445","checksum":"539bf88cc8b2bc6fe6892bcc8edcbb64f1c1df1bee7ba7096b50b34f165d356d"}  [] []
[2020-04-25 03:52:47] safecharge-php-sdk.INFO: [SafeCharge PHP SDK] Response:{"userId":51304868,"internalRequestId":186146828,"status":"SUCCESS","errCode":0,"reason":"","merchantId":"5740152229507315112","merchantSiteId":"198198","version":"1.0","clientRequestId":"100"}  [] []
[2020-04-25 03:53:12] safecharge-php-sdk.INFO: [SafeCharge PHP SDK] Request url: https://ppp-test.safecharge.com/ppp/api/v1/createUser.do [] []
[2020-04-25 03:53:12] safecharge-php-sdk.INFO: [SafeCharge PHP SDK] Request:{"userTokenId":"b571a359c5db0e8b45960b626d0989ad","clientRequestId":"100","firstName":"John","lastName":"Smith","address":"some street","state":"","city":"","zip":"","countryCode":"GB","phone":"","locale":"en_UK","email":"john.smith@test.com","merchantId":"5740152229507315112","merchantSiteId":"198198","timeStamp":"20200425030412","checksum":"db5daf88572a84f68f952ab48d9a0bc77c6262e7b35667023268a5219600013f"}  [] []
[2020-04-25 03:53:15] safecharge-php-sdk.INFO: [SafeCharge PHP SDK] Response:{"userId":51304878,"internalRequestId":186146838,"status":"SUCCESS","errCode":0,"reason":"","merchantId":"5740152229507315112","merchantSiteId":"198198","version":"1.0","clientRequestId":"100"}  [] []
[2020-04-25 03:53:33] safecharge-php-sdk.INFO: [SafeCharge PHP SDK] Request url: https://ppp-test.safecharge.com/ppp/api/v1/createUser.do [] []
[2020-04-25 03:53:33] safecharge-php-sdk.INFO: [SafeCharge PHP SDK] Request:{"userTokenId":"caf03ebc103602a40cb444b787a68ec8","clientRequestId":"100","firstName":"John","lastName":"Smith","address":"some street","state":"","city":"","zip":"","countryCode":"GB","phone":"","locale":"en_UK","email":"john.smith@test.com","merchantId":"5740152229507315112","merchantSiteId":"198198","timeStamp":"20200425030433","checksum":"86f9fabe1e9eed37eb9ba22830a0d907ce71a932d576a8cc620e8bfedb4c330b"}  [] []
[2020-04-25 03:53:35] safecharge-php-sdk.INFO: [SafeCharge PHP SDK] Response:{"userId":51304888,"internalRequestId":186146848,"status":"SUCCESS","errCode":0,"reason":"","merchantId":"5740152229507315112","merchantSiteId":"198198","version":"1.0","clientRequestId":"100"}  [] []
[2020-04-25 03:53:45] safecharge-php-sdk.INFO: [SafeCharge PHP SDK] Request url: https://ppp-test.safecharge.com/ppp/api/v1/createUser.do [] []
[2020-04-25 03:53:45] safecharge-php-sdk.INFO: [SafeCharge PHP SDK] Request:{"userTokenId":"fe2ea3d38274730c4053ada968f021c0","clientRequestId":"100","firstName":"John","lastName":"Smith","address":"some street","state":"","city":"","zip":"","countryCode":"GB","phone":"","locale":"en_UK","email":"john.smith@test.com","merchantId":"5740152229507315112","merchantSiteId":"198198","timeStamp":"20200425030445","checksum":"2990092e5705e4015aecc157f6c0136e5d04f51af914216cd6d4855a1ebd06ab"}  [] []
[2020-04-25 03:53:47] safecharge-php-sdk.INFO: [SafeCharge PHP SDK] Response:{"userId":51304898,"internalRequestId":186146858,"status":"SUCCESS","errCode":0,"reason":"","merchantId":"5740152229507315112","merchantSiteId":"198198","version":"1.0","clientRequestId":"100"}  [] []
[2020-04-25 03:58:56] safecharge-php-sdk.INFO: [SafeCharge PHP SDK] Request url: https://ppp-test.safecharge.com/ppp/api/v1/createUser.do [] []
[2020-04-25 03:58:56] safecharge-php-sdk.INFO: [SafeCharge PHP SDK] Request:{"userTokenId":"21f70bfac84a8a46aabb8cc33e1a04f2","clientRequestId":"100","firstName":"John","lastName":"Smith","address":"some street","state":"","city":"","zip":"","countryCode":"GB","phone":"","locale":"en_UK","email":"john.smith@test.com","merchantId":"5740152229507315112","merchantSiteId":"198198","timeStamp":"20200425030456","checksum":"b3592c0d0899006af4c18b3968506014099daf23f432b4bbfc50a8c93f0a9bf8"}  [] []
[2020-04-25 03:58:58] safecharge-php-sdk.INFO: [SafeCharge PHP SDK] Response:{"userId":51304908,"internalRequestId":186146878,"status":"SUCCESS","errCode":0,"reason":"","merchantId":"5740152229507315112","merchantSiteId":"198198","version":"1.0","clientRequestId":"100"}  [] []
[2020-04-25 04:03:47] safecharge-php-sdk.INFO: [SafeCharge PHP SDK] Request url: https://ppp-test.safecharge.com/ppp/api/v1/createUser.do [] []
[2020-04-25 04:03:47] safecharge-php-sdk.INFO: [SafeCharge PHP SDK] Request:{"userTokenId":"6cd5faeb27f9ec74890914d2fbbf63af","clientRequestId":"100","firstName":"John","lastName":"Smith","address":"some street","state":"","city":"","zip":"","countryCode":"GB","phone":"","locale":"en_UK","email":"john.smith@test.com","merchantId":"5740152229507315112","merchantSiteId":"198198","timeStamp":"20200425040447","checksum":"3b6c0ab6b9570cf0c9c9cf1a14041f0a114041cfead2fe7fa6fd210f2e24f274"}  [] []
[2020-04-25 04:03:49] safecharge-php-sdk.INFO: [SafeCharge PHP SDK] Response:{"userId":51304918,"internalRequestId":186148018,"status":"SUCCESS","errCode":0,"reason":"","merchantId":"5740152229507315112","merchantSiteId":"198198","version":"1.0","clientRequestId":"100"}  [] []
[2020-04-25 04:03:58] safecharge-php-sdk.INFO: [SafeCharge PHP SDK] Request url: https://ppp-test.safecharge.com/ppp/api/v1/createUser.do [] []
[2020-04-25 04:03:58] safecharge-php-sdk.INFO: [SafeCharge PHP SDK] Request:{"userTokenId":"ea64a2e660b5ebbf0f3f8bba3485882f","clientRequestId":"100","firstName":"John","lastName":"Smith","address":"some street","state":"","city":"","zip":"","countryCode":"GB","phone":"","locale":"en_UK","email":"john.smith@test.com","merchantId":"5740152229507315112","merchantSiteId":"198198","timeStamp":"20200425040458","checksum":"5c4db5118bc9b8505f4f59f4716361e71a2152868cb240515aa00568969223f0"}  [] []
[2020-04-25 04:04:01] safecharge-php-sdk.INFO: [SafeCharge PHP SDK] Response:{"userId":51304928,"internalRequestId":186148028,"status":"SUCCESS","errCode":0,"reason":"","merchantId":"5740152229507315112","merchantSiteId":"198198","version":"1.0","clientRequestId":"100"}  [] []
[2020-04-25 04:12:57] safecharge-php-sdk.INFO: [SafeCharge PHP SDK] Request url: https://ppp-test.safecharge.com/ppp/api/v1/createUser.do [] []
[2020-04-25 04:12:57] safecharge-php-sdk.INFO: [SafeCharge PHP SDK] Request:{"userTokenId":"a6794d8d0aef9f9e61809407b1e57d77","clientRequestId":"100","firstName":"John","lastName":"Smith","address":"some street","state":"","city":"","zip":"","countryCode":"GB","phone":"","locale":"en_UK","email":"john.smith@test.com","merchantId":"5740152229507315112","merchantSiteId":"198198","timeStamp":"20200425040457","checksum":"57735f0e959b8dc5660be1c085f0f189adf8dd91a4ab067c9b53b9ab315e04d7"}  [] []
[2020-04-25 04:12:59] safecharge-php-sdk.INFO: [SafeCharge PHP SDK] Response:{"userId":51304938,"internalRequestId":186148648,"status":"SUCCESS","errCode":0,"reason":"","merchantId":"5740152229507315112","merchantSiteId":"198198","version":"1.0","clientRequestId":"100"}  [] []
[2020-04-25 04:46:18] safecharge-php-sdk.INFO: [SafeCharge PHP SDK] Request url: https://ppp-test.safecharge.com/ppp/api/v1/createUser.do [] []
[2020-04-25 04:46:18] safecharge-php-sdk.INFO: [SafeCharge PHP SDK] Request:{"userTokenId":"63f0e10d26c1415cdd3a2997275283a1","clientRequestId":"100","firstName":"John","lastName":"Smith","address":"some street","state":"","city":"","zip":"","countryCode":"GB","phone":"","locale":"en_UK","email":"john.smith@test.com","merchantId":"5740152229507315112","merchantSiteId":"198198","timeStamp":"20200425040418","checksum":"ab01ed991532530c4970307a14640ae5feeab2ec340eaf251a1aec3b010f53f4"}  [] []
[2020-04-25 04:46:20] safecharge-php-sdk.INFO: [SafeCharge PHP SDK] Response:{"userId":51304948,"internalRequestId":186149928,"status":"SUCCESS","errCode":0,"reason":"","merchantId":"5740152229507315112","merchantSiteId":"198198","version":"1.0","clientRequestId":"100"}  [] []
[2020-04-25 04:47:20] safecharge-php-sdk.INFO: [SafeCharge PHP SDK] Request url: https://ppp-test.safecharge.com/ppp/api/v1/createUser.do [] []
[2020-04-25 04:47:20] safecharge-php-sdk.INFO: [SafeCharge PHP SDK] Request:{"userTokenId":"a0a80cda160cd12553b5a54f96381f24","clientRequestId":"100","firstName":"John","lastName":"Smith","address":"some street","state":"","city":"","zip":"","countryCode":"GB","phone":"","locale":"en_UK","email":"john.smith@test.com","merchantId":"5740152229507315112","merchantSiteId":"198198","timeStamp":"20200425040420","checksum":"103e53ad930e977a43a2f6a1782ac23db25db5f131c685fbf0fff2b44b0afb2b"}  [] []
[2020-04-25 04:47:25] safecharge-php-sdk.INFO: [SafeCharge PHP SDK] Response:{"userId":51304958,"internalRequestId":186150098,"status":"SUCCESS","errCode":0,"reason":"","merchantId":"5740152229507315112","merchantSiteId":"198198","version":"1.0","clientRequestId":"100"}  [] []
